<?xml version="1.0" encoding="UTF-8"?>
<!-- Generated by org.testng.reporters.JUnitXMLReporter -->
<testsuite ignored="0" hostname="DESKTOP-PTLF5S0" failures="1" tests="3" name="Test" time="13.327" errors="0" timestamp="2023-05-24T18:12:01 IST">
  <testcase classname="TestNg.testcase2" name="tc2" time="1.1">
    <failure type="java.lang.AssertionError" message="The following asserts failed:
	expected [Facebook � log in or sign up] but found [Forgotten Password | Can&amp;apos;t Log In | Facebook]">
      <![CDATA[java.lang.AssertionError: The following asserts failed:
expected [Facebook � log in or sign up] but found [Forgotten Password | Can't Log In | Facebook]
at TestNg.testcase2.tc2(testcase2.java:35)
at java.base/java.util.ArrayList.forEach(ArrayList.java:1511)
... Removed 27 stack frames]]>
    </failure>
  </testcase> <!-- tc2 -->
  <testcase classname="TestNg.testcase1" name="tc1" time="3.336"/>
  <testcase classname="TestNg.testcase3" name="tc3" time="2.528"/>
</testsuite> <!-- Test -->
