<?xml version="1.0" encoding="UTF-8"?>
<!-- Generated by org.testng.reporters.JUnitXMLReporter -->
<testsuite ignored="0" hostname="DESKTOP-PTLF5S0" failures="1" tests="1" name="Test(failed)(failed)(failed)(failed)(failed)" time="6.235" errors="0" timestamp="2023-05-24T17:40:23 IST">
  <testcase classname="TestNg.testcase1" name="tc1" time="2.96">
    <failure type="java.lang.AssertionError" message="The following asserts failed:
	expected [Facebook � log in or sign up] but found [Facebook – log in or sign up]">
      <![CDATA[java.lang.AssertionError: The following asserts failed:
expected [Facebook � log in or sign up] but found [Facebook – log in or sign up]
at TestNg.testcase1.tc1(testcase1.java:41)
at java.base/java.util.ArrayList.forEach(ArrayList.java:1511)
... Removed 27 stack frames]]>
    </failure>
  </testcase> <!-- tc1 -->
</testsuite> <!-- Test(failed)(failed)(failed)(failed)(failed) -->
